<?xml version="1.0" encoding="UTF-8"?>
<!-- Generated by org.testng.reporters.JUnitXMLReporter -->
<testsuite hostname="INLaptop135.local" ignored="0" name="Tests.SecondTest" tests="2" failures="2" timestamp="28 Dec 2018 13:12:53 GMT" time="7.869" errors="0">
  <testcase name="GOOGLE1" time="0.552" classname="Tests.SecondTest">
    <failure type="org.openqa.selenium.WebDriverException" message="Unable to parse remote response: &amp;lt;html&amp;gt;&amp;lt;head&amp;gt;&amp;lt;script src=&amp;apos;/grid/resources/org/openqa/grid/images/jquery-3.1.1.min.js&amp;apos;&amp;gt;&amp;lt;/script&amp;gt;&amp;lt;script src=&amp;apos;/grid/resources/org/openqa/grid/images/consoleservlet.js&amp;apos;&amp;gt;&amp;lt;/script&amp;gt;&amp;lt;link href=&amp;apos;/grid/resources/org/openqa/grid/images/consoleservlet.css&amp;apos; rel=&amp;apos;stylesheet&amp;apos; type=&amp;apos;text/css&amp;apos; /&amp;gt;&amp;lt;link href=&amp;apos;/grid/resources/org/openqa/grid/images/favicon.ico&amp;apos; rel=&amp;apos;icon&amp;apos; type=&amp;apos;image/x-icon&amp;apos; /&amp;gt;&amp;lt;title&amp;gt;Grid Console&amp;lt;/title&amp;gt;&amp;lt;style&amp;gt;.busy { opacity : 0.4;filter: alpha(opacity=40);}&amp;lt;/style&amp;gt;&amp;lt;/head&amp;gt;&amp;lt;body&amp;gt;&amp;lt;div id=&amp;apos;main-content&amp;apos;&amp;gt;&amp;lt;div id=&amp;apos;header&amp;apos;&amp;gt;&amp;lt;h1&amp;gt;&amp;lt;a href=&amp;apos;/grid/console&amp;apos;&amp;gt;Selenium&amp;lt;/a&amp;gt;&amp;lt;/h1&amp;gt;&amp;lt;h2&amp;gt;Grid Console v.3.11.0&amp;lt;/h2&amp;gt;&amp;lt;div&amp;gt;&amp;lt;a id=&amp;apos;helplink&amp;apos; target=&amp;apos;_blank&amp;apos; href=&amp;apos;https://github.com/SeleniumHQ/selenium/wiki/Grid2&amp;apos;&amp;gt;Help&amp;lt;/a&amp;gt;&amp;lt;/div&amp;gt;&amp;lt;/div&amp;gt;&amp;lt;div id=&amp;apos;left-column&amp;apos;&amp;gt;&amp;lt;div class=&amp;apos;proxy&amp;apos;&amp;gt;&amp;lt;p class=&amp;apos;proxyname&amp;apos;&amp;gt;DefaultRemoteProxy (version : 3.11.0)&amp;lt;p class=&amp;apos;proxyid&amp;apos;&amp;gt;id : http://172.18.0.3:5555, OS : LINUX&amp;lt;/p&amp;gt;&amp;lt;div class=&amp;apos;tabs&amp;apos;&amp;gt;&amp;lt;ul&amp;gt;&amp;lt;li class=&amp;apos;tab&amp;apos; type=&amp;apos;browsers&amp;apos;&amp;gt;&amp;lt;a title=&amp;apos;test slots&amp;apos; href=&amp;apos;#&amp;apos;&amp;gt;Browsers&amp;lt;/a&amp;gt;&amp;lt;/li&amp;gt;&amp;lt;li class=&amp;apos;tab&amp;apos; type=&amp;apos;config&amp;apos;&amp;gt;&amp;lt;a title=&amp;apos;node configuration&amp;apos; href=&amp;apos;#&amp;apos;&amp;gt;Configuration&amp;lt;/a&amp;gt;&amp;lt;/li&amp;gt;&amp;lt;/ul&amp;gt;&amp;lt;/div&amp;gt;&amp;lt;div class=&amp;apos;content&amp;apos;&amp;gt;&amp;lt;div type=&amp;apos;browsers&amp;apos; class=&amp;apos;content_detail&amp;apos;&amp;gt;&amp;lt;p class=&amp;apos;protocol&amp;apos; &amp;gt;WebDriver&amp;lt;/p&amp;gt;&amp;lt;p&amp;gt;v:66.0.3359.117&amp;lt;img src=&amp;apos;/grid/resources/org/openqa/grid/images/chrome.png&amp;apos; width=&amp;apos;16&amp;apos; height=&amp;apos;16&amp;apos; title=&amp;apos;{server:CONFIG_UUID=d44a8965-f452-4204-9cab-f4a26e04294a, seleniumProtocol=WebDriver, browserName=chrome, maxInstances=1, platformName=LINUX, version=66.0.3359.117, applicationName=, platform=LINUX}&amp;apos; /&amp;gt;
&amp;lt;/p&amp;gt;&amp;lt;/div&amp;gt;&amp;lt;div type=&amp;apos;config&amp;apos; class=&amp;apos;content_detail&amp;apos;&amp;gt;&amp;lt;p&amp;gt;browserTimeout: 0&amp;lt;/p&amp;gt;&amp;lt;p&amp;gt;debug: false&amp;lt;/p&amp;gt;&amp;lt;p&amp;gt;jettyMaxThreads: -1&amp;lt;/p&amp;gt;&amp;lt;p&amp;gt;port: 5555&amp;lt;/p&amp;gt;&amp;lt;p&amp;gt;role: node&amp;lt;/p&amp;gt;&amp;lt;p&amp;gt;timeout: 1800&amp;lt;/p&amp;gt;&amp;lt;p&amp;gt;cleanUpCycle: 5000&amp;lt;/p&amp;gt;&amp;lt;p&amp;gt;host: 172.18.0.3&amp;lt;/p&amp;gt;&amp;lt;p&amp;gt;maxSession: 1&amp;lt;/p&amp;gt;&amp;lt;p&amp;gt;capabilities: Capabilities {applicationName: , browserName: chrome, maxInstances: 1, platform: LINUX, platformName: LINUX, seleniumProtocol: WebDriver, server:CONFIG_UUID: d44a8965-f452-4204-9cab-f4a..., version: 66.0.3359.117}&amp;lt;/p&amp;gt;&amp;lt;p&amp;gt;downPollingLimit: 2&amp;lt;/p&amp;gt;&amp;lt;p&amp;gt;hub: http://selenium-hub:4444/grid/register&amp;lt;/p&amp;gt;&amp;lt;p&amp;gt;id: http://172.18.0.3:5555&amp;lt;/p&amp;gt;&amp;lt;p&amp;gt;nodePolling: 5000&amp;lt;/p&amp;gt;&amp;lt;p&amp;gt;nodeStatusCheckTimeout: 5000&amp;lt;/p&amp;gt;&amp;lt;p&amp;gt;proxy: org.openqa.grid.selenium.proxy.DefaultRemoteProxy&amp;lt;/p&amp;gt;&amp;lt;p&amp;gt;register: true&amp;lt;/p&amp;gt;&amp;lt;p&amp;gt;registerCycle: 5000&amp;lt;/p&amp;gt;&amp;lt;p&amp;gt;remoteHost: http://172.18.0.3:5555&amp;lt;/p&amp;gt;&amp;lt;p&amp;gt;unregisterIfStillDownAfter: 60000&amp;lt;/p&amp;gt;&amp;lt;/div&amp;gt;&amp;lt;/div&amp;gt;&amp;lt;/div&amp;gt;&amp;lt;/div&amp;gt;&amp;lt;div id=&amp;apos;right-column&amp;apos;&amp;gt;&amp;lt;div class=&amp;apos;proxy&amp;apos;&amp;gt;&amp;lt;p class=&amp;apos;proxyname&amp;apos;&amp;gt;DefaultRemoteProxy (version : 3.11.0)&amp;lt;p class=&amp;apos;proxyid&amp;apos;&amp;gt;id : http://172.18.0.4:5555, OS : LINUX&amp;lt;/p&amp;gt;&amp;lt;div class=&amp;apos;tabs&amp;apos;&amp;gt;&amp;lt;ul&amp;gt;&amp;lt;li class=&amp;apos;tab&amp;apos; type=&amp;apos;browsers&amp;apos;&amp;gt;&amp;lt;a title=&amp;apos;test slots&amp;apos; href=&amp;apos;#&amp;apos;&amp;gt;Browsers&amp;lt;/a&amp;gt;&amp;lt;/li&amp;gt;&amp;lt;li class=&amp;apos;tab&amp;apos; type=&amp;apos;config&amp;apos;&amp;gt;&amp;lt;a title=&amp;apos;node configuration&amp;apos; href=&amp;apos;#&amp;apos;&amp;gt;Configuration&amp;lt;/a&amp;gt;&amp;lt;/li&amp;gt;&amp;lt;/ul&amp;gt;&amp;lt;/div&amp;gt;&amp;lt;div class=&amp;apos;content&amp;apos;&amp;gt;&amp;lt;div type=&amp;apos;browsers&amp;apos; class=&amp;apos;content_detail&amp;apos;&amp;gt;&amp;lt;p class=&amp;apos;protocol&amp;apos; &amp;gt;WebDriver&amp;lt;/p&amp;gt;&amp;lt;p&amp;gt;v:59.0.2&amp;lt;img src=&amp;apos;/grid/resources/org/openqa/grid/images/firefox.png&amp;apos; width=&amp;apos;16&amp;apos; height=&amp;apos;16&amp;apos; title=&amp;apos;{server:CONFIG_UUID=87406c19-b1ea-4bb8-85b2-3b246a82c88c, seleniumProtocol=WebDriver, browserName=firefox, maxInstances=1, moz:firefoxOptions={log={level=info}}, platformName=LINUX, version=59.0.2, applicationName=, platform=LINUX}&amp;apos; /&amp;gt;
&amp;lt;/p&amp;gt;&amp;lt;/div&amp;gt;&amp;lt;div type=&amp;apos;config&amp;apos; class=&amp;apos;content_detail&amp;apos;&amp;gt;&amp;lt;p&amp;gt;browserTimeout: 0&amp;lt;/p&amp;gt;&amp;lt;p&amp;gt;debug: false&amp;lt;/p&amp;gt;&amp;lt;p&amp;gt;jettyMaxThreads: -1&amp;lt;/p&amp;gt;&amp;lt;p&amp;gt;port: 5555&amp;lt;/p&amp;gt;&amp;lt;p&amp;gt;role: node&amp;lt;/p&amp;gt;&amp;lt;p&amp;gt;timeout: 1800&amp;lt;/p&amp;gt;&amp;lt;p&amp;gt;cleanUpCycle: 5000&amp;lt;/p&amp;gt;&amp;lt;p&amp;gt;host: 172.18.0.4&amp;lt;/p&amp;gt;&amp;lt;p&amp;gt;maxSession: 1&amp;lt;/p&amp;gt;&amp;lt;p&amp;gt;capabilities: Capabilities {applicationName: , browserName: firefox, maxInstances: 1, moz:firefoxOptions: {log: {level: info}}, platform: LINUX, platformName: LINUX, seleniumProtocol: WebDriver, server:CONFIG_UUID: 87406c19-b1ea-4bb8-85b2-3b2..., version: 59.0.2}&amp;lt;/p&amp;gt;&amp;lt;p&amp;gt;downPollingLimit: 2&amp;lt;/p&amp;gt;&amp;lt;p&amp;gt;hub: http://selenium-hub:4444/grid/register&amp;lt;/p&amp;gt;&amp;lt;p&amp;gt;id: http://172.18.0.4:5555&amp;lt;/p&amp;gt;&amp;lt;p&amp;gt;nodePolling: 5000&amp;lt;/p&amp;gt;&amp;lt;p&amp;gt;nodeStatusCheckTimeout: 5000&amp;lt;/p&amp;gt;&amp;lt;p&amp;gt;proxy: org.openqa.grid.selenium.proxy.DefaultRemoteProxy&amp;lt;/p&amp;gt;&amp;lt;p&amp;gt;register: true&amp;lt;/p&amp;gt;&amp;lt;p&amp;gt;registerCycle: 5000&amp;lt;/p&amp;gt;&amp;lt;p&amp;gt;remoteHost: http://172.18.0.4:5555&amp;lt;/p&amp;gt;&amp;lt;p&amp;gt;unregisterIfStillDownAfter: 60000&amp;lt;/p&amp;gt;&amp;lt;/div&amp;gt;&amp;lt;/div&amp;gt;&amp;lt;/div&amp;gt;&amp;lt;/div&amp;gt;&amp;lt;div class=&amp;apos;clearfix&amp;apos;&amp;gt;&amp;lt;/div&amp;gt;&amp;lt;div&amp;gt;&amp;lt;ul&amp;gt;&amp;lt;/ul&amp;gt;&amp;lt;/div&amp;gt;&amp;lt;a href=&amp;apos;?config=true&amp;amp;configDebug=true&amp;apos;&amp;gt;view config&amp;lt;/a&amp;gt;&amp;lt;/div&amp;gt;&amp;lt;/body&amp;gt;&amp;lt;/html&amp;gt;
Build info: version: &amp;apos;3.11.0&amp;apos;, revision: &amp;apos;e59cfb3&amp;apos;, time: &amp;apos;2018-03-11T20:26:55.152Z&amp;apos;
System info: host: &amp;apos;INLaptop135.local&amp;apos;, ip: &amp;apos;fe80:0:0:0:14db:5a0:1e5c:3fc4%en0&amp;apos;, os.name: &amp;apos;Mac OS X&amp;apos;, os.arch: &amp;apos;x86_64&amp;apos;, os.version: &amp;apos;10.13.6&amp;apos;, java.version: &amp;apos;1.8.0_191&amp;apos;
Driver info: driver.version: RemoteWebDriver">
      <![CDATA[org.openqa.selenium.WebDriverException: Unable to parse remote response: <html><head><script src='/grid/resources/org/openqa/grid/images/jquery-3.1.1.min.js'></script><script src='/grid/resources/org/openqa/grid/images/consoleservlet.js'></script><link href='/grid/resources/org/openqa/grid/images/consoleservlet.css' rel='stylesheet' type='text/css' /><link href='/grid/resources/org/openqa/grid/images/favicon.ico' rel='icon' type='image/x-icon' /><title>Grid Console</title><style>.busy { opacity : 0.4;filter: alpha(opacity=40);}</style></head><body><div id='main-content'><div id='header'><h1><a href='/grid/console'>Selenium</a></h1><h2>Grid Console v.3.11.0</h2><div><a id='helplink' target='_blank' href='https://github.com/SeleniumHQ/selenium/wiki/Grid2'>Help</a></div></div><div id='left-column'><div class='proxy'><p class='proxyname'>DefaultRemoteProxy (version : 3.11.0)<p class='proxyid'>id : http://172.18.0.3:5555, OS : LINUX</p><div class='tabs'><ul><li class='tab' type='browsers'><a title='test slots' href='#'>Browsers</a></li><li class='tab' type='config'><a title='node configuration' href='#'>Configuration</a></li></ul></div><div class='content'><div type='browsers' class='content_detail'><p class='protocol' >WebDriver</p><p>v:66.0.3359.117<img src='/grid/resources/org/openqa/grid/images/chrome.png' width='16' height='16' title='{server:CONFIG_UUID=d44a8965-f452-4204-9cab-f4a26e04294a, seleniumProtocol=WebDriver, browserName=chrome, maxInstances=1, platformName=LINUX, version=66.0.3359.117, applicationName=, platform=LINUX}' />
</p></div><div type='config' class='content_detail'><p>browserTimeout: 0</p><p>debug: false</p><p>jettyMaxThreads: -1</p><p>port: 5555</p><p>role: node</p><p>timeout: 1800</p><p>cleanUpCycle: 5000</p><p>host: 172.18.0.3</p><p>maxSession: 1</p><p>capabilities: Capabilities {applicationName: , browserName: chrome, maxInstances: 1, platform: LINUX, platformName: LINUX, seleniumProtocol: WebDriver, server:CONFIG_UUID: d44a8965-f452-4204-9cab-f4a..., version: 66.0.3359.117}</p><p>downPollingLimit: 2</p><p>hub: http://selenium-hub:4444/grid/register</p><p>id: http://172.18.0.3:5555</p><p>nodePolling: 5000</p><p>nodeStatusCheckTimeout: 5000</p><p>proxy: org.openqa.grid.selenium.proxy.DefaultRemoteProxy</p><p>register: true</p><p>registerCycle: 5000</p><p>remoteHost: http://172.18.0.3:5555</p><p>unregisterIfStillDownAfter: 60000</p></div></div></div></div><div id='right-column'><div class='proxy'><p class='proxyname'>DefaultRemoteProxy (version : 3.11.0)<p class='proxyid'>id : http://172.18.0.4:5555, OS : LINUX</p><div class='tabs'><ul><li class='tab' type='browsers'><a title='test slots' href='#'>Browsers</a></li><li class='tab' type='config'><a title='node configuration' href='#'>Configuration</a></li></ul></div><div class='content'><div type='browsers' class='content_detail'><p class='protocol' >WebDriver</p><p>v:59.0.2<img src='/grid/resources/org/openqa/grid/images/firefox.png' width='16' height='16' title='{server:CONFIG_UUID=87406c19-b1ea-4bb8-85b2-3b246a82c88c, seleniumProtocol=WebDriver, browserName=firefox, maxInstances=1, moz:firefoxOptions={log={level=info}}, platformName=LINUX, version=59.0.2, applicationName=, platform=LINUX}' />
</p></div><div type='config' class='content_detail'><p>browserTimeout: 0</p><p>debug: false</p><p>jettyMaxThreads: -1</p><p>port: 5555</p><p>role: node</p><p>timeout: 1800</p><p>cleanUpCycle: 5000</p><p>host: 172.18.0.4</p><p>maxSession: 1</p><p>capabilities: Capabilities {applicationName: , browserName: firefox, maxInstances: 1, moz:firefoxOptions: {log: {level: info}}, platform: LINUX, platformName: LINUX, seleniumProtocol: WebDriver, server:CONFIG_UUID: 87406c19-b1ea-4bb8-85b2-3b2..., version: 59.0.2}</p><p>downPollingLimit: 2</p><p>hub: http://selenium-hub:4444/grid/register</p><p>id: http://172.18.0.4:5555</p><p>nodePolling: 5000</p><p>nodeStatusCheckTimeout: 5000</p><p>proxy: org.openqa.grid.selenium.proxy.DefaultRemoteProxy</p><p>register: true</p><p>registerCycle: 5000</p><p>remoteHost: http://172.18.0.4:5555</p><p>unregisterIfStillDownAfter: 60000</p></div></div></div></div><div class='clearfix'></div><div><ul></ul></div><a href='?config=true&configDebug=true'>view config</a></div></body></html>
Build info: version: '3.11.0', revision: 'e59cfb3', time: '2018-03-11T20:26:55.152Z'
System info: host: 'INLaptop135.local', ip: 'fe80:0:0:0:14db:5a0:1e5c:3fc4%en0', os.name: 'Mac OS X', os.arch: 'x86_64', os.version: '10.13.6', java.version: '1.8.0_191'
Driver info: driver.version: RemoteWebDriver
at org.openqa.selenium.remote.ProtocolHandshake.createSession(ProtocolHandshake.java:111)
at org.openqa.selenium.remote.ProtocolHandshake.createSession(ProtocolHandshake.java:73)
at org.openqa.selenium.remote.HttpCommandExecutor.execute(HttpCommandExecutor.java:136)
at org.openqa.selenium.remote.RemoteWebDriver.execute(RemoteWebDriver.java:545)
at org.openqa.selenium.remote.RemoteWebDriver.startSession(RemoteWebDriver.java:209)
at org.openqa.selenium.remote.RemoteWebDriver.<init>(RemoteWebDriver.java:132)
at org.openqa.selenium.remote.RemoteWebDriver.<init>(RemoteWebDriver.java:145)
at DriverFactory.TLDriverFactory.setDriver(TLDriverFactory.java:32)
at Listener.InvokedMethodListener.beforeInvocation(InvokedMethodListener.java:17)
at java.util.concurrent.FutureTask.run(FutureTask.java:266)
at java.util.concurrent.ThreadPoolExecutor.runWorker(ThreadPoolExecutor.java:1149)
at java.util.concurrent.ThreadPoolExecutor$Worker.run(ThreadPoolExecutor.java:624)
at java.lang.Thread.run(Thread.java:748)
... Removed 14 stack frames]]>
    </failure>
  </testcase> <!-- GOOGLE1 -->
  <testcase name="YANDEX" time="0.592" classname="Tests.SecondTest">
    <failure type="org.openqa.selenium.WebDriverException" message="Unable to parse remote response: &amp;lt;html&amp;gt;&amp;lt;head&amp;gt;&amp;lt;script src=&amp;apos;/grid/resources/org/openqa/grid/images/jquery-3.1.1.min.js&amp;apos;&amp;gt;&amp;lt;/script&amp;gt;&amp;lt;script src=&amp;apos;/grid/resources/org/openqa/grid/images/consoleservlet.js&amp;apos;&amp;gt;&amp;lt;/script&amp;gt;&amp;lt;link href=&amp;apos;/grid/resources/org/openqa/grid/images/consoleservlet.css&amp;apos; rel=&amp;apos;stylesheet&amp;apos; type=&amp;apos;text/css&amp;apos; /&amp;gt;&amp;lt;link href=&amp;apos;/grid/resources/org/openqa/grid/images/favicon.ico&amp;apos; rel=&amp;apos;icon&amp;apos; type=&amp;apos;image/x-icon&amp;apos; /&amp;gt;&amp;lt;title&amp;gt;Grid Console&amp;lt;/title&amp;gt;&amp;lt;style&amp;gt;.busy { opacity : 0.4;filter: alpha(opacity=40);}&amp;lt;/style&amp;gt;&amp;lt;/head&amp;gt;&amp;lt;body&amp;gt;&amp;lt;div id=&amp;apos;main-content&amp;apos;&amp;gt;&amp;lt;div id=&amp;apos;header&amp;apos;&amp;gt;&amp;lt;h1&amp;gt;&amp;lt;a href=&amp;apos;/grid/console&amp;apos;&amp;gt;Selenium&amp;lt;/a&amp;gt;&amp;lt;/h1&amp;gt;&amp;lt;h2&amp;gt;Grid Console v.3.11.0&amp;lt;/h2&amp;gt;&amp;lt;div&amp;gt;&amp;lt;a id=&amp;apos;helplink&amp;apos; target=&amp;apos;_blank&amp;apos; href=&amp;apos;https://github.com/SeleniumHQ/selenium/wiki/Grid2&amp;apos;&amp;gt;Help&amp;lt;/a&amp;gt;&amp;lt;/div&amp;gt;&amp;lt;/div&amp;gt;&amp;lt;div id=&amp;apos;left-column&amp;apos;&amp;gt;&amp;lt;div class=&amp;apos;proxy&amp;apos;&amp;gt;&amp;lt;p class=&amp;apos;proxyname&amp;apos;&amp;gt;DefaultRemoteProxy (version : 3.11.0)&amp;lt;p class=&amp;apos;proxyid&amp;apos;&amp;gt;id : http://172.18.0.3:5555, OS : LINUX&amp;lt;/p&amp;gt;&amp;lt;div class=&amp;apos;tabs&amp;apos;&amp;gt;&amp;lt;ul&amp;gt;&amp;lt;li class=&amp;apos;tab&amp;apos; type=&amp;apos;browsers&amp;apos;&amp;gt;&amp;lt;a title=&amp;apos;test slots&amp;apos; href=&amp;apos;#&amp;apos;&amp;gt;Browsers&amp;lt;/a&amp;gt;&amp;lt;/li&amp;gt;&amp;lt;li class=&amp;apos;tab&amp;apos; type=&amp;apos;config&amp;apos;&amp;gt;&amp;lt;a title=&amp;apos;node configuration&amp;apos; href=&amp;apos;#&amp;apos;&amp;gt;Configuration&amp;lt;/a&amp;gt;&amp;lt;/li&amp;gt;&amp;lt;/ul&amp;gt;&amp;lt;/div&amp;gt;&amp;lt;div class=&amp;apos;content&amp;apos;&amp;gt;&amp;lt;div type=&amp;apos;browsers&amp;apos; class=&amp;apos;content_detail&amp;apos;&amp;gt;&amp;lt;p class=&amp;apos;protocol&amp;apos; &amp;gt;WebDriver&amp;lt;/p&amp;gt;&amp;lt;p&amp;gt;v:66.0.3359.117&amp;lt;img src=&amp;apos;/grid/resources/org/openqa/grid/images/chrome.png&amp;apos; width=&amp;apos;16&amp;apos; height=&amp;apos;16&amp;apos; title=&amp;apos;{server:CONFIG_UUID=d44a8965-f452-4204-9cab-f4a26e04294a, seleniumProtocol=WebDriver, browserName=chrome, maxInstances=1, platformName=LINUX, version=66.0.3359.117, applicationName=, platform=LINUX}&amp;apos; /&amp;gt;
&amp;lt;/p&amp;gt;&amp;lt;/div&amp;gt;&amp;lt;div type=&amp;apos;config&amp;apos; class=&amp;apos;content_detail&amp;apos;&amp;gt;&amp;lt;p&amp;gt;browserTimeout: 0&amp;lt;/p&amp;gt;&amp;lt;p&amp;gt;debug: false&amp;lt;/p&amp;gt;&amp;lt;p&amp;gt;jettyMaxThreads: -1&amp;lt;/p&amp;gt;&amp;lt;p&amp;gt;port: 5555&amp;lt;/p&amp;gt;&amp;lt;p&amp;gt;role: node&amp;lt;/p&amp;gt;&amp;lt;p&amp;gt;timeout: 1800&amp;lt;/p&amp;gt;&amp;lt;p&amp;gt;cleanUpCycle: 5000&amp;lt;/p&amp;gt;&amp;lt;p&amp;gt;host: 172.18.0.3&amp;lt;/p&amp;gt;&amp;lt;p&amp;gt;maxSession: 1&amp;lt;/p&amp;gt;&amp;lt;p&amp;gt;capabilities: Capabilities {applicationName: , browserName: chrome, maxInstances: 1, platform: LINUX, platformName: LINUX, seleniumProtocol: WebDriver, server:CONFIG_UUID: d44a8965-f452-4204-9cab-f4a..., version: 66.0.3359.117}&amp;lt;/p&amp;gt;&amp;lt;p&amp;gt;downPollingLimit: 2&amp;lt;/p&amp;gt;&amp;lt;p&amp;gt;hub: http://selenium-hub:4444/grid/register&amp;lt;/p&amp;gt;&amp;lt;p&amp;gt;id: http://172.18.0.3:5555&amp;lt;/p&amp;gt;&amp;lt;p&amp;gt;nodePolling: 5000&amp;lt;/p&amp;gt;&amp;lt;p&amp;gt;nodeStatusCheckTimeout: 5000&amp;lt;/p&amp;gt;&amp;lt;p&amp;gt;proxy: org.openqa.grid.selenium.proxy.DefaultRemoteProxy&amp;lt;/p&amp;gt;&amp;lt;p&amp;gt;register: true&amp;lt;/p&amp;gt;&amp;lt;p&amp;gt;registerCycle: 5000&amp;lt;/p&amp;gt;&amp;lt;p&amp;gt;remoteHost: http://172.18.0.3:5555&amp;lt;/p&amp;gt;&amp;lt;p&amp;gt;unregisterIfStillDownAfter: 60000&amp;lt;/p&amp;gt;&amp;lt;/div&amp;gt;&amp;lt;/div&amp;gt;&amp;lt;/div&amp;gt;&amp;lt;/div&amp;gt;&amp;lt;div id=&amp;apos;right-column&amp;apos;&amp;gt;&amp;lt;div class=&amp;apos;proxy&amp;apos;&amp;gt;&amp;lt;p class=&amp;apos;proxyname&amp;apos;&amp;gt;DefaultRemoteProxy (version : 3.11.0)&amp;lt;p class=&amp;apos;proxyid&amp;apos;&amp;gt;id : http://172.18.0.4:5555, OS : LINUX&amp;lt;/p&amp;gt;&amp;lt;div class=&amp;apos;tabs&amp;apos;&amp;gt;&amp;lt;ul&amp;gt;&amp;lt;li class=&amp;apos;tab&amp;apos; type=&amp;apos;browsers&amp;apos;&amp;gt;&amp;lt;a title=&amp;apos;test slots&amp;apos; href=&amp;apos;#&amp;apos;&amp;gt;Browsers&amp;lt;/a&amp;gt;&amp;lt;/li&amp;gt;&amp;lt;li class=&amp;apos;tab&amp;apos; type=&amp;apos;config&amp;apos;&amp;gt;&amp;lt;a title=&amp;apos;node configuration&amp;apos; href=&amp;apos;#&amp;apos;&amp;gt;Configuration&amp;lt;/a&amp;gt;&amp;lt;/li&amp;gt;&amp;lt;/ul&amp;gt;&amp;lt;/div&amp;gt;&amp;lt;div class=&amp;apos;content&amp;apos;&amp;gt;&amp;lt;div type=&amp;apos;browsers&amp;apos; class=&amp;apos;content_detail&amp;apos;&amp;gt;&amp;lt;p class=&amp;apos;protocol&amp;apos; &amp;gt;WebDriver&amp;lt;/p&amp;gt;&amp;lt;p&amp;gt;v:59.0.2&amp;lt;img src=&amp;apos;/grid/resources/org/openqa/grid/images/firefox.png&amp;apos; width=&amp;apos;16&amp;apos; height=&amp;apos;16&amp;apos; title=&amp;apos;{server:CONFIG_UUID=87406c19-b1ea-4bb8-85b2-3b246a82c88c, seleniumProtocol=WebDriver, browserName=firefox, maxInstances=1, moz:firefoxOptions={log={level=info}}, platformName=LINUX, version=59.0.2, applicationName=, platform=LINUX}&amp;apos; /&amp;gt;
&amp;lt;/p&amp;gt;&amp;lt;/div&amp;gt;&amp;lt;div type=&amp;apos;config&amp;apos; class=&amp;apos;content_detail&amp;apos;&amp;gt;&amp;lt;p&amp;gt;browserTimeout: 0&amp;lt;/p&amp;gt;&amp;lt;p&amp;gt;debug: false&amp;lt;/p&amp;gt;&amp;lt;p&amp;gt;jettyMaxThreads: -1&amp;lt;/p&amp;gt;&amp;lt;p&amp;gt;port: 5555&amp;lt;/p&amp;gt;&amp;lt;p&amp;gt;role: node&amp;lt;/p&amp;gt;&amp;lt;p&amp;gt;timeout: 1800&amp;lt;/p&amp;gt;&amp;lt;p&amp;gt;cleanUpCycle: 5000&amp;lt;/p&amp;gt;&amp;lt;p&amp;gt;host: 172.18.0.4&amp;lt;/p&amp;gt;&amp;lt;p&amp;gt;maxSession: 1&amp;lt;/p&amp;gt;&amp;lt;p&amp;gt;capabilities: Capabilities {applicationName: , browserName: firefox, maxInstances: 1, moz:firefoxOptions: {log: {level: info}}, platform: LINUX, platformName: LINUX, seleniumProtocol: WebDriver, server:CONFIG_UUID: 87406c19-b1ea-4bb8-85b2-3b2..., version: 59.0.2}&amp;lt;/p&amp;gt;&amp;lt;p&amp;gt;downPollingLimit: 2&amp;lt;/p&amp;gt;&amp;lt;p&amp;gt;hub: http://selenium-hub:4444/grid/register&amp;lt;/p&amp;gt;&amp;lt;p&amp;gt;id: http://172.18.0.4:5555&amp;lt;/p&amp;gt;&amp;lt;p&amp;gt;nodePolling: 5000&amp;lt;/p&amp;gt;&amp;lt;p&amp;gt;nodeStatusCheckTimeout: 5000&amp;lt;/p&amp;gt;&amp;lt;p&amp;gt;proxy: org.openqa.grid.selenium.proxy.DefaultRemoteProxy&amp;lt;/p&amp;gt;&amp;lt;p&amp;gt;register: true&amp;lt;/p&amp;gt;&amp;lt;p&amp;gt;registerCycle: 5000&amp;lt;/p&amp;gt;&amp;lt;p&amp;gt;remoteHost: http://172.18.0.4:5555&amp;lt;/p&amp;gt;&amp;lt;p&amp;gt;unregisterIfStillDownAfter: 60000&amp;lt;/p&amp;gt;&amp;lt;/div&amp;gt;&amp;lt;/div&amp;gt;&amp;lt;/div&amp;gt;&amp;lt;/div&amp;gt;&amp;lt;div class=&amp;apos;clearfix&amp;apos;&amp;gt;&amp;lt;/div&amp;gt;&amp;lt;div&amp;gt;&amp;lt;ul&amp;gt;&amp;lt;/ul&amp;gt;&amp;lt;/div&amp;gt;&amp;lt;a href=&amp;apos;?config=true&amp;amp;configDebug=true&amp;apos;&amp;gt;view config&amp;lt;/a&amp;gt;&amp;lt;/div&amp;gt;&amp;lt;/body&amp;gt;&amp;lt;/html&amp;gt;
Build info: version: &amp;apos;3.11.0&amp;apos;, revision: &amp;apos;e59cfb3&amp;apos;, time: &amp;apos;2018-03-11T20:26:55.152Z&amp;apos;
System info: host: &amp;apos;INLaptop135.local&amp;apos;, ip: &amp;apos;fe80:0:0:0:14db:5a0:1e5c:3fc4%en0&amp;apos;, os.name: &amp;apos;Mac OS X&amp;apos;, os.arch: &amp;apos;x86_64&amp;apos;, os.version: &amp;apos;10.13.6&amp;apos;, java.version: &amp;apos;1.8.0_191&amp;apos;
Driver info: driver.version: RemoteWebDriver">
      <![CDATA[org.openqa.selenium.WebDriverException: Unable to parse remote response: <html><head><script src='/grid/resources/org/openqa/grid/images/jquery-3.1.1.min.js'></script><script src='/grid/resources/org/openqa/grid/images/consoleservlet.js'></script><link href='/grid/resources/org/openqa/grid/images/consoleservlet.css' rel='stylesheet' type='text/css' /><link href='/grid/resources/org/openqa/grid/images/favicon.ico' rel='icon' type='image/x-icon' /><title>Grid Console</title><style>.busy { opacity : 0.4;filter: alpha(opacity=40);}</style></head><body><div id='main-content'><div id='header'><h1><a href='/grid/console'>Selenium</a></h1><h2>Grid Console v.3.11.0</h2><div><a id='helplink' target='_blank' href='https://github.com/SeleniumHQ/selenium/wiki/Grid2'>Help</a></div></div><div id='left-column'><div class='proxy'><p class='proxyname'>DefaultRemoteProxy (version : 3.11.0)<p class='proxyid'>id : http://172.18.0.3:5555, OS : LINUX</p><div class='tabs'><ul><li class='tab' type='browsers'><a title='test slots' href='#'>Browsers</a></li><li class='tab' type='config'><a title='node configuration' href='#'>Configuration</a></li></ul></div><div class='content'><div type='browsers' class='content_detail'><p class='protocol' >WebDriver</p><p>v:66.0.3359.117<img src='/grid/resources/org/openqa/grid/images/chrome.png' width='16' height='16' title='{server:CONFIG_UUID=d44a8965-f452-4204-9cab-f4a26e04294a, seleniumProtocol=WebDriver, browserName=chrome, maxInstances=1, platformName=LINUX, version=66.0.3359.117, applicationName=, platform=LINUX}' />
</p></div><div type='config' class='content_detail'><p>browserTimeout: 0</p><p>debug: false</p><p>jettyMaxThreads: -1</p><p>port: 5555</p><p>role: node</p><p>timeout: 1800</p><p>cleanUpCycle: 5000</p><p>host: 172.18.0.3</p><p>maxSession: 1</p><p>capabilities: Capabilities {applicationName: , browserName: chrome, maxInstances: 1, platform: LINUX, platformName: LINUX, seleniumProtocol: WebDriver, server:CONFIG_UUID: d44a8965-f452-4204-9cab-f4a..., version: 66.0.3359.117}</p><p>downPollingLimit: 2</p><p>hub: http://selenium-hub:4444/grid/register</p><p>id: http://172.18.0.3:5555</p><p>nodePolling: 5000</p><p>nodeStatusCheckTimeout: 5000</p><p>proxy: org.openqa.grid.selenium.proxy.DefaultRemoteProxy</p><p>register: true</p><p>registerCycle: 5000</p><p>remoteHost: http://172.18.0.3:5555</p><p>unregisterIfStillDownAfter: 60000</p></div></div></div></div><div id='right-column'><div class='proxy'><p class='proxyname'>DefaultRemoteProxy (version : 3.11.0)<p class='proxyid'>id : http://172.18.0.4:5555, OS : LINUX</p><div class='tabs'><ul><li class='tab' type='browsers'><a title='test slots' href='#'>Browsers</a></li><li class='tab' type='config'><a title='node configuration' href='#'>Configuration</a></li></ul></div><div class='content'><div type='browsers' class='content_detail'><p class='protocol' >WebDriver</p><p>v:59.0.2<img src='/grid/resources/org/openqa/grid/images/firefox.png' width='16' height='16' title='{server:CONFIG_UUID=87406c19-b1ea-4bb8-85b2-3b246a82c88c, seleniumProtocol=WebDriver, browserName=firefox, maxInstances=1, moz:firefoxOptions={log={level=info}}, platformName=LINUX, version=59.0.2, applicationName=, platform=LINUX}' />
</p></div><div type='config' class='content_detail'><p>browserTimeout: 0</p><p>debug: false</p><p>jettyMaxThreads: -1</p><p>port: 5555</p><p>role: node</p><p>timeout: 1800</p><p>cleanUpCycle: 5000</p><p>host: 172.18.0.4</p><p>maxSession: 1</p><p>capabilities: Capabilities {applicationName: , browserName: firefox, maxInstances: 1, moz:firefoxOptions: {log: {level: info}}, platform: LINUX, platformName: LINUX, seleniumProtocol: WebDriver, server:CONFIG_UUID: 87406c19-b1ea-4bb8-85b2-3b2..., version: 59.0.2}</p><p>downPollingLimit: 2</p><p>hub: http://selenium-hub:4444/grid/register</p><p>id: http://172.18.0.4:5555</p><p>nodePolling: 5000</p><p>nodeStatusCheckTimeout: 5000</p><p>proxy: org.openqa.grid.selenium.proxy.DefaultRemoteProxy</p><p>register: true</p><p>registerCycle: 5000</p><p>remoteHost: http://172.18.0.4:5555</p><p>unregisterIfStillDownAfter: 60000</p></div></div></div></div><div class='clearfix'></div><div><ul></ul></div><a href='?config=true&configDebug=true'>view config</a></div></body></html>
Build info: version: '3.11.0', revision: 'e59cfb3', time: '2018-03-11T20:26:55.152Z'
System info: host: 'INLaptop135.local', ip: 'fe80:0:0:0:14db:5a0:1e5c:3fc4%en0', os.name: 'Mac OS X', os.arch: 'x86_64', os.version: '10.13.6', java.version: '1.8.0_191'
Driver info: driver.version: RemoteWebDriver
at org.openqa.selenium.remote.ProtocolHandshake.createSession(ProtocolHandshake.java:111)
at org.openqa.selenium.remote.ProtocolHandshake.createSession(ProtocolHandshake.java:73)
at org.openqa.selenium.remote.HttpCommandExecutor.execute(HttpCommandExecutor.java:136)
at org.openqa.selenium.remote.RemoteWebDriver.execute(RemoteWebDriver.java:545)
at org.openqa.selenium.remote.RemoteWebDriver.startSession(RemoteWebDriver.java:209)
at org.openqa.selenium.remote.RemoteWebDriver.<init>(RemoteWebDriver.java:132)
at org.openqa.selenium.remote.RemoteWebDriver.<init>(RemoteWebDriver.java:145)
at DriverFactory.TLDriverFactory.setDriver(TLDriverFactory.java:32)
at Listener.InvokedMethodListener.beforeInvocation(InvokedMethodListener.java:17)
at java.util.concurrent.FutureTask.run(FutureTask.java:266)
at java.util.concurrent.ThreadPoolExecutor.runWorker(ThreadPoolExecutor.java:1149)
at java.util.concurrent.ThreadPoolExecutor$Worker.run(ThreadPoolExecutor.java:624)
at java.lang.Thread.run(Thread.java:748)
... Removed 14 stack frames]]>
    </failure>
  </testcase> <!-- YANDEX -->
</testsuite> <!-- Tests.SecondTest -->
